Level is NOT DEBUG. There will be no wait.
Trying to login. If you are NOT logged in, there will be a prompt
Authenticating with existing credentials...
Login Succeeded
Building image-upload-logic
Sending build context to Docker daemon  57.86kB
Step 1/9 : FROM node:15.14.0
 ---> d2850632b602
Step 2/9 : WORKDIR /app
 ---> Using cache
 ---> 85c96a00498c
Step 3/9 : COPY package.json /app/package.json
 ---> Using cache
 ---> ccd6eb575e49
Step 4/9 : RUN npm install --silent
 ---> Using cache
 ---> 286e9d039810
Step 5/9 : COPY . /app
 ---> Using cache
 ---> 7ae08193cc80
Step 6/9 : RUN pwd
 ---> Using cache
 ---> 5e28abb63be7
Step 7/9 : RUN ls -lrt
 ---> Using cache
 ---> d487e3e749c7
Step 8/9 : EXPOSE 80
 ---> Using cache
 ---> 5bd8eb848157
Step 9/9 : CMD ["npm","start", "-g", "daemon off;"]
 ---> Using cache
 ---> cc45c968951e
Successfully built cc45c968951e
Successfully tagged piyush9090/image-upload-logic:latest
Pushing image-upload-logic
Using default tag: latest
The push refers to repository [docker.io/piyush9090/image-upload-logic]
3a7becfba452: Preparing
4d95a26f0575: Preparing
3a28e0a6a69b: Preparing
8d77f3f9f2e3: Preparing
787c1f8d6fb0: Preparing
c5691ffc2a37: Preparing
9a90d11e5261: Preparing
33dd93485756: Preparing
607d71c12b77: Preparing
052174538f53: Preparing
8abfe7e7c816: Preparing
c8b886062a47: Preparing
16fc2e3ca032: Preparing
8abfe7e7c816: Waiting
33dd93485756: Waiting
c8b886062a47: Waiting
16fc2e3ca032: Waiting
c5691ffc2a37: Waiting
607d71c12b77: Waiting
052174538f53: Waiting
9a90d11e5261: Waiting
787c1f8d6fb0: Layer already exists
8d77f3f9f2e3: Layer already exists
9a90d11e5261: Layer already exists
c5691ffc2a37: Layer already exists
4d95a26f0575: Layer already exists
3a7becfba452: Layer already exists
607d71c12b77: Layer already exists
33dd93485756: Layer already exists
3a28e0a6a69b: Layer already exists
052174538f53: Layer already exists
8abfe7e7c816: Layer already exists
16fc2e3ca032: Layer already exists
c8b886062a47: Layer already exists
latest: digest: sha256:6b9284fb2e2a06298a27f3ae7c8b8eb62d6b7846135669cddcfece608eb4bf97 size: 3048
Running image-upload-logic
bee8a6f17d2258adfdfff11464f1edd6536ae07c8c08f68f5ad7beb1b135387c
List of containers running now
CONTAINER ID   IMAGE                           COMMAND                  CREATED         STATUS        PORTS                            NAMES
bee8a6f17d22   piyush9090/image-upload-logic   "docker-entrypoint.s…"   5 seconds ago   Created                                        condescending_mestorf
3fc284f640f3   piyush9090/image-upload-logic   "docker-entrypoint.s…"   18 hours ago    Up 18 hours   80/tcp, 0.0.0.0:3000->3000/tcp   thirsty_tharp
 The one we just started is : 3fc284f640f3
image-upload container is running 3fc284f640f3 :) 
